<?xml version="1.0" encoding="UTF-8"?>
<!-- Generated by org.testng.reporters.JUnitReportReporter -->
<testsuite hostname="LTIN207742" failures="0" tests="1" name="com.change2naturalfoods.userverification.UserVerification" time="7.176" errors="0" timestamp="2023-12-19T14:03:24 IST" skipped="0">
  <testcase classname="com.change2naturalfoods.userverification.UserVerification" name="verifyError" time="7.176"/>
</testsuite> <!-- com.change2naturalfoods.userverification.UserVerification -->
